\BOOKMARK [0][-]{chapter*.1}{\376\377\000D\000e\000c\000l\000a\000r\000a\000t\000i\000o\000n}{}% 1
\BOOKMARK [0][-]{chapter*.2}{\376\377\000A\000b\000s\000t\000r\000a\000c\000t}{}% 2
\BOOKMARK [0][-]{chapter*.3}{\376\377\000A\000c\000k\000n\000o\000w\000l\000e\000d\000g\000e\000m\000e\000n\000t\000s}{}% 3
\BOOKMARK [0][-]{dummy.4}{\376\377\000D\000e\000c\000l\000a\000r\000a\000t\000i\000o\000n\000\040\000o\000f\000\040\000A\000u\000t\000h\000o\000r\000s\000h\000i\000p}{}% 4
\BOOKMARK [0][-]{dummy.5}{\376\377\000A\000b\000s\000t\000r\000a\000c\000t}{}% 5
\BOOKMARK [0][-]{dummy.6}{\376\377\000A\000c\000k\000n\000o\000w\000l\000e\000d\000g\000e\000m\000e\000n\000t\000s}{}% 6
\BOOKMARK [0][-]{dummy.8}{\376\377\000L\000i\000s\000t\000\040\000o\000f\000\040\000F\000i\000g\000u\000r\000e\000s}{}% 7
\BOOKMARK [0][-]{dummy.10}{\376\377\000L\000i\000s\000t\000\040\000o\000f\000\040\000T\000a\000b\000l\000e\000s}{}% 8
\BOOKMARK [0][-]{dummy.12}{\376\377\000A\000b\000b\000r\000e\000v\000i\000a\000t\000i\000o\000n\000s}{}% 9
\BOOKMARK [0][-]{dummy.15}{\376\377\000P\000h\000y\000s\000i\000c\000a\000l\000\040\000C\000o\000n\000s\000t\000a\000n\000t\000s}{}% 10
\BOOKMARK [0][-]{dummy.18}{\376\377\000S\000y\000m\000b\000o\000l\000s}{}% 11
\BOOKMARK [0][-]{chapter.21}{\376\377\0001\000\040\000G\000e\000n\000e\000r\000a\000l\000\040\000I\000n\000t\000r\000o\000d\000u\000c\000t\000i\000o\000n}{}% 12
\BOOKMARK [1][-]{section.22}{\376\377\0001\000.\0001\000\040\000C\000o\000n\000t\000e\000x\000t}{chapter.21}% 13
\BOOKMARK [1][-]{section.24}{\376\377\0001\000.\0002\000\040\000C\000o\000n\000t\000r\000i\000b\000u\000t\000i\000o\000n}{chapter.21}% 14
\BOOKMARK [1][-]{section.25}{\376\377\0001\000.\0003\000\040\000T\000h\000e\000s\000i\000s\000\040\000o\000u\000t\000l\000i\000n\000e}{chapter.21}% 15
\BOOKMARK [0][-]{chapter.26}{\376\377\0002\000\040\000O\000p\000t\000i\000c\000a\000l\000\040\000f\000l\000o\000w\000\040\000r\000e\000f\000i\000n\000e\000m\000e\000n\000t\000\040\000u\000s\000i\000n\000g\000\040\000i\000t\000e\000r\000a\000t\000i\000v\000e\000\040\000p\000r\000o\000p\000a\000g\000a\000t\000i\000o\000n\000\040\000u\000n\000d\000e\000r\000\040\000c\000o\000l\000o\000r\000,\000\040\000p\000r\000o\000x\000i\000m\000i\000t\000y\000\040\000a\000n\000d\000\040\000f\000l\000o\000w\000\040\000r\000e\000l\000i\000a\000b\000i\000l\000i\000t\000y\000\040\000c\000o\000n\000s\000t\000r\000a\000i\000n\000t\000s}{}% 16
\BOOKMARK [1][-]{section.27}{\376\377\0002\000.\0001\000\040\000I\000n\000t\000r\000o\000d\000u\000c\000t\000i\000o\000n}{chapter.26}% 17
\BOOKMARK [1][-]{section.33}{\376\377\0002\000.\0002\000\040\000L\000o\000c\000a\000l\000\040\000e\000s\000t\000i\000m\000a\000t\000i\000o\000n}{chapter.26}% 18
\BOOKMARK [1][-]{section.48}{\376\377\0002\000.\0003\000\040\000G\000l\000o\000b\000a\000l\000\040\000e\000s\000t\000i\000m\000a\000t\000i\000o\000n}{chapter.26}% 19
\BOOKMARK [1][-]{section.66}{\376\377\0002\000.\0004\000\040\000Q\000u\000a\000l\000i\000f\000i\000c\000a\000t\000i\000o\000n\000\040\000o\000f\000\040\000e\000s\000t\000i\000m\000a\000t\000i\000o\000n}{chapter.26}% 20
\BOOKMARK [2][-]{subsection.69}{\376\377\0002\000.\0004\000.\0001\000\040\000T\000h\000e\000\040\000m\000o\000t\000i\000o\000n\000\040\000l\000o\000c\000a\000l\000\040\000u\000n\000i\000f\000o\000r\000m\000i\000t\000y}{section.66}% 21
\BOOKMARK [2][-]{subsection.75}{\376\377\0002\000.\0004\000.\0002\000\040\000T\000e\000m\000p\000o\000r\000a\000l\000\040\000e\000v\000o\000l\000u\000t\000i\000o\000n\000\040\000o\000f\000\040\000t\000h\000e\000\040\000r\000e\000s\000i\000d\000u\000e\000s}{section.66}% 22
\BOOKMARK [2][-]{subsection.80}{\376\377\0002\000.\0004\000.\0003\000\040\000T\000h\000e\000\040\000m\000i\000x\000t\000u\000r\000e\000\040\000r\000e\000l\000i\000a\000b\000i\000l\000i\000t\000y\000\040\000s\000c\000o\000r\000e}{section.66}% 23
\BOOKMARK [1][-]{section.82}{\376\377\0002\000.\0005\000\040\000T\000h\000e\000\040\000p\000r\000o\000p\000a\000g\000a\000t\000i\000o\000n\000\040\000p\000r\000o\000c\000e\000s\000s}{chapter.26}% 24
\BOOKMARK [2][-]{subsection.84}{\376\377\0002\000.\0005\000.\0001\000\040\000S\000p\000a\000r\000s\000e\000\040\000o\000p\000t\000i\000c\000a\000l\000\040\000f\000l\000o\000w\000\040\000c\000o\000r\000r\000e\000c\000t\000i\000o\000n\000\040\000a\000t\000\040\000s\000e\000e\000d\000s\000\040\000l\000e\000v\000e\000l}{section.82}% 25
\BOOKMARK [2][-]{subsection.89}{\376\377\0002\000.\0005\000.\0002\000\040\000D\000e\000n\000s\000e\000\040\000o\000p\000t\000i\000c\000a\000l\000\040\000f\000l\000o\000w\000\040\000c\000o\000r\000r\000e\000c\000t\000i\000o\000n\000\040\000a\000t\000\040\000p\000i\000x\000e\000l\000\040\000l\000e\000v\000e\000l}{section.82}% 26
\BOOKMARK [1][-]{section.90}{\376\377\0002\000.\0006\000\040\000I\000m\000p\000l\000e\000m\000e\000n\000t\000a\000t\000i\000o\000n}{chapter.26}% 27
\BOOKMARK [1][-]{section.92}{\376\377\0002\000.\0007\000\040\000E\000x\000p\000e\000r\000i\000m\000e\000n\000t\000s}{chapter.26}% 28
\BOOKMARK [2][-]{subsection.94}{\376\377\0002\000.\0007\000.\0001\000\040\000S\000t\000u\000d\000y\000\040\000o\000n\000\040\000t\000h\000e\000\040\000r\000e\000l\000i\000a\000b\000i\000l\000i\000t\000y\000\040\000c\000r\000i\000t\000e\000r\000i\000a}{section.92}% 29
\BOOKMARK [2][-]{subsection.97}{\376\377\0002\000.\0007\000.\0002\000\040\000R\000e\000f\000i\000n\000e\000d\000\040\000o\000p\000t\000i\000c\000a\000l\000\040\000f\000l\000o\000w}{section.92}% 30
\BOOKMARK [3][-]{subsubsection.98}{\376\377\0002\000.\0007\000.\0002\000.\0001\000\040\000C\000o\000m\000p\000a\000r\000i\000s\000o\000n\000\040\000o\000f\000\040\000s\000e\000e\000d\000s\000\040\000s\000e\000l\000e\000c\000t\000i\000o\000n\000\040\000s\000t\000r\000a\000t\000e\000g\000i\000e\000s\000\040\000a\000n\000d\000\040\000r\000e\000l\000i\000a\000b\000i\000l\000i\000t\000y\000\040\000c\000r\000i\000t\000e\000r\000i\000a}{subsection.97}% 31
\BOOKMARK [3][-]{subsubsection.104}{\376\377\0002\000.\0007\000.\0002\000.\0002\000\040\000C\000o\000m\000p\000a\000r\000i\000s\000o\000n\000\040\000w\000i\000t\000h\000\040\000e\000x\000i\000s\000t\000i\000n\000g\000\040\000m\000e\000t\000h\000o\000d\000s\000\040}{subsection.97}% 32
\BOOKMARK [0][-]{chapter.108}{\376\377\0003\000\040\000F\000r\000o\000m\000\040\000m\000o\000t\000i\000o\000n\000\040\000t\000o\000\040\000s\000t\000r\000u\000c\000t\000u\000r\000e\000:\000\040\000u\000v\000-\000v\000e\000l\000o\000c\000i\000t\000y\000,\000\040\000a\000n\000\040\000o\000p\000t\000i\000c\000a\000l\000\040\000f\000l\000o\000w\000\040\000r\000e\000g\000i\000s\000t\000r\000a\000t\000i\000o\000n\000\040\000f\000o\000r\000\040\000p\000l\000a\000n\000a\000r\000\040\000s\000e\000g\000m\000e\000n\000t\000a\000t\000i\000o\000n}{}% 33
\BOOKMARK [1][-]{section.109}{\376\377\0003\000.\0001\000\040\000I\000n\000t\000r\000o\000d\000u\000c\000t\000i\000o\000n}{chapter.108}% 34
\BOOKMARK [1][-]{section.110}{\376\377\0003\000.\0002\000\040\000S\000e\000g\000m\000e\000n\000t\000a\000t\000i\000o\000n\000\040\000o\000f\000\040\000p\000l\000a\000n\000e\000s\000\040\000i\000n\000\040\000a\000\040\000m\000o\000n\000o\000c\000u\000l\000a\000r\000\040\000d\000y\000n\000a\000m\000i\000c\000\040\000s\000y\000s\000t\000e\000m}{chapter.108}% 35
\BOOKMARK [1][-]{section.112}{\376\377\0003\000.\0003\000\040\000M\000a\000i\000n\000\040\000a\000s\000s\000u\000m\000p\000t\000i\000o\000n\000s\000\040\000a\000n\000d\000\040\000m\000o\000d\000e\000l}{chapter.108}% 36
\BOOKMARK [1][-]{section.119}{\376\377\0003\000.\0004\000\040\000c\000-\000v\000e\000l\000o\000c\000i\000t\000y}{chapter.108}% 37
\BOOKMARK [2][-]{subsection.123}{\376\377\0003\000.\0004\000.\0001\000\040\000V\000o\000t\000i\000n\000g\000\040\000s\000p\000a\000c\000e\000\040\000o\000f\000\040\000c\000-\000v\000e\000l\000o\000c\000i\000t\000y}{section.119}% 38
\BOOKMARK [1][-]{section.128}{\376\377\0003\000.\0005\000\040\000u\000v\000-\000v\000e\000l\000o\000c\000i\000t\000y\000\040\000o\000n\000\040\000p\000u\000r\000e\000\040\000t\000r\000a\000n\000s\000l\000a\000t\000i\000o\000n\000a\000l\000\040\000m\000o\000v\000e\000m\000e\000n\000t}{chapter.108}% 39
\BOOKMARK [1][-]{section.136}{\376\377\0003\000.\0006\000\040\000u\000v\000-\000v\000e\000l\000o\000c\000i\000t\000y\000:\000\040\000e\000x\000t\000e\000n\000d\000e\000d\000\040\000p\000l\000a\000n\000e\000s\000\040\000a\000n\000d\000\040\000a\000d\000d\000i\000t\000i\000o\000n\000a\000l\000\040\000r\000o\000t\000a\000t\000i\000o\000n\000\040\000m\000o\000v\000e\000m\000e\000n\000t}{chapter.108}% 40
\BOOKMARK [2][-]{subsection.137}{\376\377\0003\000.\0006\000.\0001\000\040\000E\000x\000t\000e\000n\000d\000e\000d\000\040\000p\000l\000a\000n\000e\000s}{section.136}% 41
\BOOKMARK [2][-]{subsection.139}{\376\377\0003\000.\0006\000.\0002\000\040\000u\000v\000-\000v\000e\000l\000o\000c\000i\000t\000y\000\040\000w\000i\000t\000h\000\040\000a\000d\000d\000i\000t\000i\000o\000n\000a\000l\000\040\000r\000o\000t\000a\000t\000i\000o\000n\000a\000l\000\040\000m\000o\000v\000e\000m\000e\000n\000t}{section.136}% 42
\BOOKMARK [1][-]{section.148}{\376\377\0003\000.\0007\000\040\000A\000n\000a\000l\000y\000s\000i\000s\000\040\000o\000f\000\040\000v\000o\000t\000i\000n\000g\000\040\000s\000p\000a\000c\000e\000s}{chapter.108}% 43
\BOOKMARK [2][-]{subsection.149}{\376\377\0003\000.\0007\000.\0001\000\040\000P\000u\000r\000e\000\040\000t\000r\000a\000n\000s\000l\000a\000t\000i\000o\000n\000a\000l\000\040\000m\000o\000v\000e\000m\000e\000n\000t\000\040\000w\000i\000t\000h\000\040\000t\000h\000r\000e\000e\000\040\000m\000a\000i\000n\000\040\000p\000l\000a\000n\000e\000s}{section.148}% 44
\BOOKMARK [3][-]{section*.150}{\376\377\000c\000-\000v\000e\000l\000o\000c\000i\000t\000y\000\040\000v\000o\000t\000i\000n\000g\000\040\000s\000p\000a\000c\000e\000.}{subsection.149}% 45
\BOOKMARK [4][-]{section*.152}{\376\377\000u\000v\000-\000v\000e\000l\000o\000c\000i\000t\000y\000\040\000v\000o\000t\000i\000n\000g\000\040\000s\000p\000a\000c\000e\000.}{section*.150}% 46
\BOOKMARK [4][-]{section*.163}{\376\377\000P\000i\000x\000e\000l\000\040\000S\000e\000g\000m\000e\000n\000t\000a\000t\000i\000o\000n\000.\000\040}{section*.150}% 47
\BOOKMARK [2][-]{subsection.167}{\376\377\0003\000.\0007\000.\0002\000\040\000W\000i\000t\000h\000\040\000a\000d\000d\000i\000t\000i\000o\000n\000a\000l\000\040\000r\000o\000t\000a\000t\000i\000o\000n\000a\000l\000\040\000m\000o\000v\000e\000m\000e\000n\000t\000\040\000a\000n\000d\000\040\000e\000x\000-\000p\000l\000a\000n\000e\000s}{section.148}% 48
\BOOKMARK [1][-]{section.176}{\376\377\0003\000.\0008\000\040\000E\000x\000p\000e\000r\000i\000m\000e\000n\000t\000s}{chapter.108}% 49
\BOOKMARK [2][-]{subsection.177}{\376\377\0003\000.\0008\000.\0001\000\040\000S\000i\000m\000u\000l\000a\000t\000i\000o\000n}{section.176}% 50
\BOOKMARK [3][-]{subsubsection.179}{\376\377\0003\000.\0008\000.\0001\000.\0001\000\040\000c\000-\000v\000e\000l\000o\000c\000i\000t\000y}{subsection.177}% 51
\BOOKMARK [3][-]{subsubsection.181}{\376\377\0003\000.\0008\000.\0001\000.\0002\000\040\000u\000v\000-\000v\000e\000l\000o\000c\000i\000t\000y}{subsection.177}% 52
\BOOKMARK [2][-]{subsection.190}{\376\377\0003\000.\0008\000.\0002\000\040\000R\000e\000a\000l\000\040\000S\000e\000q\000u\000e\000n\000c\000e\000s}{section.176}% 53
\BOOKMARK [3][-]{subsubsection.191}{\376\377\0003\000.\0008\000.\0002\000.\0001\000\040\000E\000x\000p\000e\000r\000i\000m\000e\000n\000t\000s\000\040\000f\000o\000r\000\040\000a\000\040\000t\000r\000a\000n\000s\000l\000a\000t\000i\000o\000n\000a\000l\000\040\000e\000g\000o\000-\000m\000o\000t\000i\000o\000n\000.}{subsection.190}% 54
\BOOKMARK [3][-]{subsubsection.203}{\376\377\0003\000.\0008\000.\0002\000.\0002\000\040\000\040\000E\000x\000p\000e\000r\000i\000m\000e\000n\000t\000s\000\040\000f\000o\000r\000\040\000t\000r\000a\000n\000s\000l\000a\000t\000i\000o\000n\000\040\000a\000n\000d\000\040\000r\000o\000t\000a\000t\000i\000o\000n}{subsection.190}% 55
\BOOKMARK [2][-]{subsection.205}{\376\377\0003\000.\0008\000.\0003\000\040\000P\000a\000r\000a\000m\000e\000t\000r\000i\000c\000\040\000v\000e\000r\000s\000u\000s\000\040\000v\000o\000t\000i\000n\000g\000\040\000m\000e\000t\000h\000o\000d}{section.176}% 56
\BOOKMARK [1][-]{section.207}{\376\377\0003\000.\0009\000\040\000C\000o\000n\000c\000l\000u\000s\000i\000o\000n}{chapter.108}% 57
\BOOKMARK [0][-]{chapter.208}{\376\377\0004\000\040\000F\000r\000o\000m\000\040\000s\000t\000r\000u\000c\000t\000u\000r\000e\000\040\000t\000o\000\040\000m\000o\000t\000i\000o\000n}{}% 58
\BOOKMARK [1][-]{section.209}{\376\377\0004\000.\0001\000\040\000O\000p\000t\000i\000c\000a\000l\000\040\000f\000l\000o\000w\000\040\000e\000s\000t\000i\000m\000a\000t\000i\000o\000n\000\040\000b\000a\000s\000e\000d\000\040\000o\000n\000\040\000g\000e\000o\000m\000e\000t\000r\000i\000c\000\040\000i\000n\000f\000o\000r\000m\000a\000t\000i\000o\000n}{chapter.208}% 59
\BOOKMARK [2][-]{subsection.210}{\376\377\0004\000.\0001\000.\0001\000\040\000I\000n\000t\000r\000o\000d\000u\000c\000t\000i\000o\000n}{section.209}% 60
\BOOKMARK [2][-]{subsection.212}{\376\377\0004\000.\0001\000.\0002\000\040\000A\000d\000a\000p\000t\000a\000t\000i\000o\000n\000\040\000o\000f\000\040\000m\000o\000d\000e\000l\000\040\000t\000o\000\040\000g\000e\000o\000m\000e\000t\000r\000i\000c\000\040\000i\000n\000f\000o\000r\000m\000a\000t\000i\000o\000n}{section.209}% 61
\BOOKMARK [3][-]{section*.216}{\376\377\000N\000u\000m\000e\000r\000i\000c\000a\000l\000\040\000s\000o\000l\000u\000t\000i\000o\000n\000:}{subsection.212}% 62
\BOOKMARK [2][-]{subsection.225}{\376\377\0004\000.\0001\000.\0003\000\040\000E\000x\000p\000e\000r\000i\000m\000e\000n\000t\000s}{section.209}% 63
\BOOKMARK [2][-]{subsection.233}{\376\377\0004\000.\0001\000.\0004\000\040\000C\000o\000n\000c\000l\000u\000s\000i\000o\000n\000\040\000a\000n\000d\000\040\000P\000e\000r\000s\000p\000e\000c\000t\000i\000v\000e}{section.209}% 64
\BOOKMARK [1][-]{section.235}{\376\377\0004\000.\0002\000\040\000V\000i\000s\000u\000a\000l\000\040\000o\000d\000o\000m\000e\000t\000r\000y\000\040\000b\000y\000\040\000h\000o\000m\000o\000g\000r\000a\000p\000h\000y\000\040\000f\000r\000o\000m\000\040\000f\000a\000s\000t\000\040\000s\000e\000g\000m\000e\000n\000t\000a\000t\000i\000o\000n}{chapter.208}% 65
\BOOKMARK [2][-]{subsection.236}{\376\377\0004\000.\0002\000.\0001\000\040\000I\000n\000t\000r\000o\000d\000u\000c\000t\000i\000o\000n}{section.235}% 66
\BOOKMARK [2][-]{subsection.237}{\376\377\0004\000.\0002\000.\0002\000\040\000O\000v\000e\000r\000v\000i\000e\000w\000s\000\040\000o\000f\000\040\000g\000e\000o\000m\000e\000t\000r\000i\000c\000\040\000i\000n\000f\000o\000r\000m\000a\000t\000i\000o\000n\000\040\000o\000n\000\040\000m\000u\000l\000t\000i\000-\000v\000i\000e\000w\000\040\000i\000m\000a\000g\000e}{section.235}% 67
\BOOKMARK [3][-]{figure.caption.239}{\376\377\000S\000i\000n\000g\000l\000e\000\040\000c\000a\000m\000e\000r\000a\000\040\000v\000i\000e\000w\000:}{subsection.237}% 68
\BOOKMARK [4][-]{section*.243}{\376\377\000M\000u\000l\000t\000i\000-\000c\000a\000m\000e\000r\000a\000\040\000v\000i\000e\000w\000:}{figure.caption.239}% 69
\BOOKMARK [4][-]{section*.247}{\376\377\000P\000r\000o\000j\000e\000c\000t\000i\000o\000n\000\040\000o\000f\000\040\000p\000l\000a\000n\000a\000r\000\040\000s\000u\000r\000f\000a\000c\000e\000:}{figure.caption.239}% 70
\BOOKMARK [4][-]{section*.249}{\376\377\000H\000o\000m\000o\000g\000r\000a\000p\000h\000y\000\040\000b\000e\000t\000w\000e\000e\000n\000\040\000i\000m\000a\000g\000e\000s\000:}{figure.caption.239}% 71
\BOOKMARK [4][-]{section*.253}{\376\377\000H\000o\000m\000o\000g\000r\000a\000p\000h\000y\000\040\000D\000e\000c\000o\000m\000p\000o\000s\000i\000t\000i\000o\000n\000:}{figure.caption.239}% 72
\BOOKMARK [2][-]{subsection.264}{\376\377\0004\000.\0002\000.\0003\000\040\000H\000o\000m\000o\000g\000r\000a\000p\000h\000y\000\040\000E\000s\000t\000i\000m\000a\000t\000i\000o\000n}{section.235}% 73
\BOOKMARK [2][-]{subsection.270}{\376\377\0004\000.\0002\000.\0004\000\040\000E\000x\000p\000e\000r\000i\000m\000e\000n\000t\000s}{section.235}% 74
\BOOKMARK [0][-]{chapter.281}{\376\377\0005\000\040\000C\000o\000n\000c\000l\000u\000s\000i\000o\000n}{}% 75
\BOOKMARK [0][-]{dummy.282}{\376\377\000B\000i\000b\000l\000i\000o\000g\000r\000a\000p\000h\000y}{}% 76
